{"name":"User enters invalid card information","id":"make-payment-with-debit-or-credit-card;user-enters-invalid-card-information","scenarioId":"post_pay_with_card:User enters invalid card information","methodName":"User enters invalid card information","testSteps":[{"number":1,"description":"Given The user is on the payment page","duration":1246,"startTime":"2024-11-19T20:26:23.412280200-05:00[America/Bogota]","result":"SUCCESS","precondition":false,"level":0,"children":[{"number":2,"description":"Actor navigate to","duration":1172,"startTime":"2024-11-19T20:26:23.419140500-05:00[America/Bogota]","result":"SUCCESS","precondition":false,"level":1,"children":[{"number":3,"description":"actor opens the browser at https://code-factory-presencial-front-odxm9ffg4.vercel.app","duration":1161,"startTime":"2024-11-19T20:26:23.424341200-05:00[America/Bogota]","result":"SUCCESS","precondition":false,"level":2}]},{"number":4,"description":"Then parameter to validate should be (true)","duration":8,"startTime":"2024-11-19T20:26:24.644199200-05:00[America/Bogota]","result":"SUCCESS","precondition":false,"level":1}]},{"number":5,"description":"When The user provides invalid card information (invalid card number, expired expiration date, incorrect CVV)","duration":5,"startTime":"2024-11-19T20:26:24.658737800-05:00[America/Bogota]","result":"SUCCESS","precondition":false,"level":0},{"number":6,"description":"Then The transaction is not completed","duration":0,"startTime":"2024-11-19T20:26:24.665257700-05:00[America/Bogota]","precondition":false,"level":0,"children":[{"number":7,"description":"Actor find the","duration":0,"startTime":"2024-11-19T20:26:24.669267300-05:00[America/Bogota]","precondition":false,"level":1,"children":[{"number":8,"description":"Actor interact with element","duration":0,"startTime":"2024-11-19T20:26:24.674808300-05:00[America/Bogota]","precondition":false,"level":2,"children":[{"number":9,"description":"actor clicks on Confirm purchase button","duration":7001,"startTime":"2024-11-19T20:26:24.680803300-05:00[America/Bogota]","screenshots":[{"screenshot":"cda19edfe31175f4c2ac1dc36544af6aec1fa54506557efb42ddac621c86924c.png","htmlSource":"pagesource1260028352217110848.html","timeStamp":1732065991670,"screenshotName":"cda19edfe31175f4c2ac1dc36544af6aec1fa54506557efb42ddac621c86924c.png"}],"exception":{"errorType":"net.thucydides.core.webdriver.exceptions.ElementShouldBePresentException","message":"Expected condition failed: waiting for By.xpath: //*[@id\u003d\"__next\"]/main/main/div[3]/button to be present (tried for 5 second(s) with 100 milliseconds interval)\nBuild info: version: \u00274.16.1\u0027, revision: \u00279b4c83354e\u0027\nSystem info: os.name: \u0027Windows 11\u0027, os.arch: \u0027amd64\u0027, os.version: \u002710.0\u0027, java.version: \u002717.0.11\u0027\nDriver info: driver.version: unknown","stackTrace":[{"declaringClass":"co.com.udea.pagosb.modulopagosb.interactions.InteractWithElement","methodName":"performAs","fileName":"InteractWithElement.java","lineNumber":19},{"declaringClass":"co.com.udea.pagosb.modulopagosb.tasks.FindThe","methodName":"performAs","fileName":"FindThe.java","lineNumber":19},{"declaringClass":"co.com.udea.pagosb.modulopagosb.stepdefinitions.PostPayWithCardStepDefinitions","methodName":"theTransactionIsNotCompleted","fileName":"PostPayWithCardStepDefinitions.java","lineNumber":87},{"declaringClass":"worker.org.gradle.process.internal.worker.GradleWorkerMain","methodName":"run","fileName":"GradleWorkerMain.java","lineNumber":69},{"declaringClass":"worker.org.gradle.process.internal.worker.GradleWorkerMain","methodName":"main","fileName":"GradleWorkerMain.java","lineNumber":74}],"rootCause":{"errorType":"org.openqa.selenium.TimeoutException","message":"Expected condition failed: waiting for By.xpath: //*[@id\u003d\"__next\"]/main/main/div[3]/button to be present (tried for 5 second(s) with 100 milliseconds interval)\nBuild info: version: \u00274.16.1\u0027, revision: \u00279b4c83354e\u0027\nSystem info: os.name: \u0027Windows 11\u0027, os.arch: \u0027amd64\u0027, os.version: \u002710.0\u0027, java.version: \u002717.0.11\u0027\nDriver info: driver.version: unknown","stackTrace":[{"declaringClass":"co.com.udea.pagosb.modulopagosb.interactions.InteractWithElement","methodName":"performAs","fileName":"InteractWithElement.java","lineNumber":19},{"declaringClass":"co.com.udea.pagosb.modulopagosb.tasks.FindThe","methodName":"performAs","fileName":"FindThe.java","lineNumber":19},{"declaringClass":"co.com.udea.pagosb.modulopagosb.stepdefinitions.PostPayWithCardStepDefinitions","methodName":"theTransactionIsNotCompleted","fileName":"PostPayWithCardStepDefinitions.java","lineNumber":87},{"declaringClass":"worker.org.gradle.process.internal.worker.GradleWorkerMain","methodName":"run","fileName":"GradleWorkerMain.java","lineNumber":69},{"declaringClass":"worker.org.gradle.process.internal.worker.GradleWorkerMain","methodName":"main","fileName":"GradleWorkerMain.java","lineNumber":74}]}},"result":"FAILURE","precondition":false,"level":3},{"number":10,"description":"And The user sees an error message indicating that the provided information is invalid","duration":0,"startTime":"2024-11-19T20:26:31.751331100-05:00[America/Bogota]","result":"SKIPPED","precondition":false,"level":3}]}]}]}],"userStory":{"id":"post_pay_with_card","storyName":"Make payment with debit or credit card","displayName":"Make payment with debit or credit card","path":"post_pay_with_card","pathElements":[{"name":"post_pay_with_card","description":""}],"type":"feature"},"title":"User enters invalid card information","description":"","tags":[{"name":"Chrome","type":"context","displayName":"Chrome"},{"name":"Windows","type":"context","displayName":"Windows"},{"name":"Chrome, Windows","type":"context","displayName":"Chrome, Windows"}],"startTime":"2024-11-19T20:26:23.333978100-05:00[America/Bogota]","duration":1249,"testFailureCause":{"errorType":"net.thucydides.core.webdriver.exceptions.ElementShouldBePresentException","message":"Expected condition failed: waiting for By.xpath: //*[@id\u003d\"__next\"]/main/main/div[3]/button to be present (tried for 5 second(s) with 100 milliseconds interval)\nBuild info: version: \u00274.16.1\u0027, revision: \u00279b4c83354e\u0027\nSystem info: os.name: \u0027Windows 11\u0027, os.arch: \u0027amd64\u0027, os.version: \u002710.0\u0027, java.version: \u002717.0.11\u0027\nDriver info: driver.version: unknown","stackTrace":[{"declaringClass":"co.com.udea.pagosb.modulopagosb.interactions.InteractWithElement","methodName":"performAs","fileName":"InteractWithElement.java","lineNumber":19},{"declaringClass":"co.com.udea.pagosb.modulopagosb.tasks.FindThe","methodName":"performAs","fileName":"FindThe.java","lineNumber":19},{"declaringClass":"co.com.udea.pagosb.modulopagosb.stepdefinitions.PostPayWithCardStepDefinitions","methodName":"theTransactionIsNotCompleted","fileName":"PostPayWithCardStepDefinitions.java","lineNumber":87},{"declaringClass":"worker.org.gradle.process.internal.worker.GradleWorkerMain","methodName":"run","fileName":"GradleWorkerMain.java","lineNumber":69},{"declaringClass":"worker.org.gradle.process.internal.worker.GradleWorkerMain","methodName":"main","fileName":"GradleWorkerMain.java","lineNumber":74}],"rootCause":{"errorType":"org.openqa.selenium.TimeoutException","message":"Expected condition failed: waiting for By.xpath: //*[@id\u003d\"__next\"]/main/main/div[3]/button to be present (tried for 5 second(s) with 100 milliseconds interval)\nBuild info: version: \u00274.16.1\u0027, revision: \u00279b4c83354e\u0027\nSystem info: os.name: \u0027Windows 11\u0027, os.arch: \u0027amd64\u0027, os.version: \u002710.0\u0027, java.version: \u002717.0.11\u0027\nDriver info: driver.version: unknown","stackTrace":[{"declaringClass":"co.com.udea.pagosb.modulopagosb.interactions.InteractWithElement","methodName":"performAs","fileName":"InteractWithElement.java","lineNumber":19},{"declaringClass":"co.com.udea.pagosb.modulopagosb.tasks.FindThe","methodName":"performAs","fileName":"FindThe.java","lineNumber":19},{"declaringClass":"co.com.udea.pagosb.modulopagosb.stepdefinitions.PostPayWithCardStepDefinitions","methodName":"theTransactionIsNotCompleted","fileName":"PostPayWithCardStepDefinitions.java","lineNumber":87},{"declaringClass":"worker.org.gradle.process.internal.worker.GradleWorkerMain","methodName":"run","fileName":"GradleWorkerMain.java","lineNumber":69},{"declaringClass":"worker.org.gradle.process.internal.worker.GradleWorkerMain","methodName":"main","fileName":"GradleWorkerMain.java","lineNumber":74}]}},"testFailureClassname":"net.thucydides.core.webdriver.exceptions.ElementShouldBePresentException","testFailureMessage":"Expected condition failed: waiting for By.xpath: //*[@id\u003d\"__next\"]/main/main/div[3]/button to be present (tried for 5 second(s) with 100 milliseconds interval)\nBuild info: version: \u00274.16.1\u0027, revision: \u00279b4c83354e\u0027\nSystem info: os.name: \u0027Windows 11\u0027, os.arch: \u0027amd64\u0027, os.version: \u002710.0\u0027, java.version: \u002717.0.11\u0027\nDriver info: driver.version: unknown","testFailureSummary":"FAILURE;net.thucydides.core.webdriver.exceptions.ElementShouldBePresentException;Expected condition failed: waiting for By.xpath: //*[@id\u003d\"__next\"]/main/main/div[3]/button to be present (tried for 5 second(s) with 100 milliseconds interval)\nBuild info: version: \u00274.16.1\u0027, revision: \u00279b4c83354e\u0027\nSystem info: os.name: \u0027Windows 11\u0027, os.arch: \u0027amd64\u0027, os.version: \u002710.0\u0027, java.version: \u002717.0.11\u0027\nDriver info: driver.version: unknown;InteractWithElement.java","projectKey":"","annotatedResult":"FAILURE","sessionId":"519597129b565818eb8360d1da975e25","driver":"chrome:actor","isManualTestingUpToDate":false,"context":"chrome,windows","manual":false,"testSource":"Cucumber","actors":[{"name":"actor","can":["browse the web"]},{"name":"user","can":["browse the web"]}],"order":0,"result":"FAILURE"}