<?xml version="1.0" encoding="UTF-8" standalone="no"?><testsuite errors="0" failures="2" name="Make payment with debit or credit card" skipped="0" tests="2" time="6.07" timestamp="2024-11-19 08:26:13"><testcase name="User completes the transaction using a credit card or debit card"><failure message="&#10;Expected: is &lt;true&gt;&#10;     but: was &lt;false&gt;" type="java.lang.AssertionError">
Expected: is &lt;true&gt;
     but: was &lt;false&gt;</failure><system-err>
Expected: is &lt;true&gt;
     but: was &lt;false&gt;&#13;
co.com.udea.pagosb.modulopagosb.stepdefinitions.PostPayWithCardStepDefinitions.theUserSeesAPaymentConfirmationMessage(PostPayWithCardStepDefinitions.java:73)&#13;
worker.org.gradle.process.internal.worker.GradleWorkerMain.run(GradleWorkerMain.java:69)&#13;
worker.org.gradle.process.internal.worker.GradleWorkerMain.main(GradleWorkerMain.java:74)&#13;
</system-err></testcase><testcase name="User enters invalid card information"><failure message="Expected condition failed: waiting for By.xpath: //*[@id=&quot;__next&quot;]/main/main/div[3]/button to be present (tried for 5 second(s) with 100 milliseconds interval)&#10;Build info: version: '4.16.1', revision: '9b4c83354e'&#10;System info: os.name: 'Windows 11', os.arch: 'amd64', os.version: '10.0', java.version: '17.0.11'&#10;Driver info: driver.version: unknown" type="net.thucydides.core.webdriver.exceptions.ElementShouldBePresentException">Expected condition failed: waiting for By.xpath: //*[@id="__next"]/main/main/div[3]/button to be present (tried for 5 second(s) with 100 milliseconds interval)
Build info: version: '4.16.1', revision: '9b4c83354e'
System info: os.name: 'Windows 11', os.arch: 'amd64', os.version: '10.0', java.version: '17.0.11'
Driver info: driver.version: unknown</failure><system-err>Expected condition failed: waiting for By.xpath: //*[@id="__next"]/main/main/div[3]/button to be present (tried for 5 second(s) with 100 milliseconds interval)
Build info: version: '4.16.1', revision: '9b4c83354e'
System info: os.name: 'Windows 11', os.arch: 'amd64', os.version: '10.0', java.version: '17.0.11'
Driver info: driver.version: unknown&#13;
co.com.udea.pagosb.modulopagosb.interactions.ClickElement.performAs(InteractWithElement.java:19)&#13;
co.com.udea.pagosb.modulopagosb.tasks.FindThe.performAs(FindThe.java:19)&#13;
co.com.udea.pagosb.modulopagosb.stepdefinitions.PostPayWithCardStepDefinitions.theTransactionIsNotCompleted(PostPayWithCardStepDefinitions.java:87)&#13;
worker.org.gradle.process.internal.worker.GradleWorkerMain.run(GradleWorkerMain.java:69)&#13;
worker.org.gradle.process.internal.worker.GradleWorkerMain.main(GradleWorkerMain.java:74)&#13;
</system-err></testcase></testsuite>